  2048.cpp
C:\Users\gcharlesnicolai\source\repos\2048-cpp\window.h(3,10): fatal  error C1083: Impossible d'ouvrir le fichier include : 'SDL.h' : No such file or directory
  cell.cpp
  cmd.cpp
  colors.cpp
C:\Users\gcharlesnicolai\source\repos\2048-cpp\colors.cpp(84,29): warning C4244: 'argument' : conversion de 'float' en 'int', perte possible de données
C:\Users\gcharlesnicolai\source\repos\2048-cpp\colors.cpp(83,29): warning C4244: 'argument' : conversion de 'float' en 'int', perte possible de données
C:\Users\gcharlesnicolai\source\repos\2048-cpp\colors.cpp(82,29): warning C4244: 'argument' : conversion de 'float' en 'int', perte possible de données
C:\Users\gcharlesnicolai\source\repos\2048-cpp\colors.cpp(81,29): warning C4244: 'argument' : conversion de 'float' en 'int', perte possible de données
  game.cpp
  gameObject.cpp
C:\Users\gcharlesnicolai\source\repos\2048-cpp\gameObject.cpp(92,16): warning C4244: 'initialisation' : conversion de '_Rep' en 'int', perte possible de données
          with
          [
              _Rep=__int64
          ]
  graphic.cpp
C:\Users\gcharlesnicolai\source\repos\2048-cpp\graphic.cpp(2,10): fatal  error C1083: Impossible d'ouvrir le fichier include : 'SDL.h' : No such file or directory
  table.cpp
C:\Users\gcharlesnicolai\source\repos\2048-cpp\table.cpp(52,15): warning C4267: 'initialisation' : conversion de 'size_t' en 'int', perte possible de données
C:\Users\gcharlesnicolai\source\repos\2048-cpp\table.cpp(147,14): warning C4244: 'initialisation' : conversion de 'double' en 'int', perte possible de données
C:\Users\gcharlesnicolai\source\repos\2048-cpp\table.cpp(174,12): warning C4244: 'initialisation' : conversion de 'double' en 'int', perte possible de données
  test.cpp
  vect.cpp
C:\Users\gcharlesnicolai\source\repos\2048-cpp\vect.cpp(41,13): warning C4244: 'return' : conversion de 'double' en 'int', perte possible de données
  window.cpp
C:\Users\gcharlesnicolai\source\repos\2048-cpp\window.h(3,10): fatal  error C1083: Impossible d'ouvrir le fichier include : 'SDL.h' : No such file or directory
