c:\users\chopp\source\repos\2048-cpp\x64\debug\vc143.pdb
c:\users\chopp\source\repos\2048-cpp\x64\debug\vc143.idb
c:\users\chopp\source\repos\2048-cpp\x64\debug\window.obj
c:\users\chopp\source\repos\2048-cpp\x64\debug\vect.obj
c:\users\chopp\source\repos\2048-cpp\x64\debug\test.obj
c:\users\chopp\source\repos\2048-cpp\x64\debug\table.obj
c:\users\chopp\source\repos\2048-cpp\x64\debug\graphic.obj
c:\users\chopp\source\repos\2048-cpp\x64\debug\gameobject.obj
c:\users\chopp\source\repos\2048-cpp\x64\debug\game.obj
c:\users\chopp\source\repos\2048-cpp\x64\debug\colors.obj
c:\users\chopp\source\repos\2048-cpp\x64\debug\cmd.obj
c:\users\chopp\source\repos\2048-cpp\x64\debug\cell.obj
c:\users\chopp\source\repos\2048-cpp\x64\debug\2048.obj
c:\users\chopp\source\repos\2048-cpp\x64\debug\2048.exe
c:\users\chopp\source\repos\2048-cpp\x64\debug\2048.ilk
c:\users\chopp\source\repos\2048-cpp\x64\debug\2048.pdb
c:\users\chopp\source\repos\2048-cpp\x64\debug\2048.tlog\cl.command.1.tlog
c:\users\chopp\source\repos\2048-cpp\x64\debug\2048.tlog\cl.items.tlog
c:\users\chopp\source\repos\2048-cpp\x64\debug\2048.tlog\cl.read.1.tlog
c:\users\chopp\source\repos\2048-cpp\x64\debug\2048.tlog\cl.write.1.tlog
c:\users\chopp\source\repos\2048-cpp\x64\debug\2048.tlog\link.command.1.tlog
c:\users\chopp\source\repos\2048-cpp\x64\debug\2048.tlog\link.read.1.tlog
c:\users\chopp\source\repos\2048-cpp\x64\debug\2048.tlog\link.write.1.tlog
