  2048.cpp
C:\Users\chopp\source\repos\2048-cpp\2048.cpp(8,12): warning C4244: 'argument' : conversion de 'time_t' en 'unsigned int', perte possible de données
  cell.cpp
  colors.cpp
C:\Users\chopp\source\repos\2048-cpp\colors.cpp(84,29): warning C4244: 'argument' : conversion de 'float' en 'int', perte possible de données
C:\Users\chopp\source\repos\2048-cpp\colors.cpp(83,29): warning C4244: 'argument' : conversion de 'float' en 'int', perte possible de données
C:\Users\chopp\source\repos\2048-cpp\colors.cpp(82,29): warning C4244: 'argument' : conversion de 'float' en 'int', perte possible de données
C:\Users\chopp\source\repos\2048-cpp\colors.cpp(81,29): warning C4244: 'argument' : conversion de 'float' en 'int', perte possible de données
  dbColors.cpp
  game.cpp
  gameObject.cpp
C:\Users\chopp\source\repos\2048-cpp\gameObject.cpp(133,61): warning C4244: 'argument' : conversion de 'double' en 'const unsigned __int64', perte possible de données
  table.cpp
C:\Users\chopp\source\repos\2048-cpp\table.cpp(54,15): warning C4267: 'initialisation' : conversion de 'size_t' en 'int', perte possible de données
C:\Users\chopp\source\repos\2048-cpp\table.cpp(149,14): warning C4244: 'initialisation' : conversion de 'double' en 'int', perte possible de données
C:\Users\chopp\source\repos\2048-cpp\table.cpp(176,12): warning C4244: 'initialisation' : conversion de 'double' en 'int', perte possible de données
  test.cpp
  window.cpp
C:\Users\chopp\source\repos\2048-cpp\window.cpp(26,40): warning C4838: la conversion de 'int' en 'Uint8' requiert une conversion restrictive
C:\Users\chopp\source\repos\2048-cpp\window.cpp(26,61): warning C4838: la conversion de 'int' en 'Uint8' requiert une conversion restrictive
C:\Users\chopp\source\repos\2048-cpp\window.cpp(26,82): warning C4838: la conversion de 'int' en 'Uint8' requiert une conversion restrictive
  Génération de code en cours...
  2048.vcxproj -> C:\Users\chopp\source\repos\2048-cpp\x64\Debug\2048.exe
